log started: Tue Jan  8 13:01:08 2002

Log file: ./leap.log
>> #
>> # ----- leaprc for loading the parm99 additive force field, no lone pairs
>> #       assumes that any unspecified nucleic acids are DNA 
>> #
>> #	load atom type hybridizations
>> #
>> addAtomTypes {
>> 	{ "H"   "H" "sp3" }
>> 	{ "HO"  "H" "sp3" }
>> 	{ "HS"  "H" "sp3" }
>> 	{ "H1"  "H" "sp3" }
>> 	{ "H2"  "H" "sp3" }
>> 	{ "H3"  "H" "sp3" }
>> 	{ "H4"  "H" "sp3" }
>> 	{ "H5"  "H" "sp3" }
>> 	{ "HW"  "H" "sp3" }
>> 	{ "HC"  "H" "sp3" }
>> 	{ "HA"  "H" "sp3" }
>> 	{ "HP"  "H" "sp3" }
>> 	{ "OH"  "O" "sp3" }
>> 	{ "OS"  "O" "sp3" }
>> 	{ "O"   "O" "sp2" }
>> 	{ "O2"  "O" "sp2" }
>> 	{ "OW"  "O" "sp3" }
>> 	{ "CT"  "C" "sp3" }
>> 	{ "CH"  "C" "sp3" }
>> 	{ "C2"  "C" "sp3" }
>> 	{ "C3"  "C" "sp3" }
>> 	{ "C"   "C" "sp2" }
>> 	{ "C*"  "C" "sp2" }
>> 	{ "CA"  "C" "sp2" }
>> 	{ "CB"  "C" "sp2" }
>> 	{ "CC"  "C" "sp2" }
>> 	{ "CN"  "C" "sp2" }
>> 	{ "CM"  "C" "sp2" }
>> 	{ "CK"  "C" "sp2" }
>> 	{ "CQ"  "C" "sp2" }
>> 	{ "CD"  "C" "sp2" }
>> 	{ "CE"  "C" "sp2" }
>> 	{ "CF"  "C" "sp2" }
>> 	{ "CG"  "C" "sp2" }
>> 	{ "CP"  "C" "sp2" }
>> 	{ "CI"  "C" "sp2" }
>> 	{ "CJ"  "C" "sp2" }
>> 	{ "CW"  "C" "sp2" }
>> 	{ "CV"  "C" "sp2" }
>> 	{ "CR"  "C" "sp2" }
>> 	{ "CA"  "C" "sp2" }
>> 	{ "CY"  "C" "sp2" }
>> 	{ "C0"  "C" "sp2" }
>> 	{ "MG"  "Mg" "sp3" }
>> 	{ "N"   "N" "sp2" }
>> 	{ "NA"  "N" "sp2" }
>> 	{ "N2"  "N" "sp2" }
>> 	{ "N*"  "N" "sp2" }
>> 	{ "NP"  "N" "sp2" }
>> 	{ "NQ"  "N" "sp2" }
>> 	{ "NB"  "N" "sp2" }
>> 	{ "NC"  "N" "sp2" }
>> 	{ "NT"  "N" "sp3" }
>> 	{ "N3"  "N" "sp3" }
>> 	{ "S"   "S" "sp3" }
>> 	{ "SH"  "S" "sp3" }
>> 	{ "P"   "P" "sp3" }
>> 	{ "LP"  ""  "sp3" }
>> 	{ "F"   "F" "sp3" }
>> 	{ "CL"  "Cl" "sp3" }
>> 	{ "BR"  "Br" "sp3" }
>> 	{ "I"   "I"  "sp3" }
>> 	{ "FE"  "Fe" "sp3" }
>> # glycam
>> 	{ "OG"  "O" "sp3" }
>> 	{ "OL"  "O" "sp3" }
>> 	{ "AC"  "C" "sp3" }
>> 	{ "EC"  "C" "sp3" }
>> }
>> #
>> #	Load the main parameter set.
>> #
>> parm99 = loadamberparams parm99.dat
Loading parameters: /eggther_2/amber7_beta/amber7/dat/leap/parm/parm99.dat
(UNKNOWN ATOM TYPE: HZ)
(UNKNOWN ATOM TYPE: NY)
(UNKNOWN ATOM TYPE: IM)
(UNKNOWN ATOM TYPE: Li)
(UNKNOWN ATOM TYPE: IP)
(UNKNOWN ATOM TYPE: K)
(UNKNOWN ATOM TYPE: Rb)
(UNKNOWN ATOM TYPE: Cs)
(UNKNOWN ATOM TYPE: Zn)
(UNKNOWN ATOM TYPE: IB)
(UNKNOWN ATOM TYPE: LP)
>> #
>> #	Load DNA/RNA libraries
>> #
>> loadOff all_nucleic94.lib
Loading library: /eggther_2/amber7_beta/amber7/dat/leap/lib/all_nucleic94.lib
Loading: DA
Loading: DA3
Loading: DA5
Loading: DAN
Loading: DC
Loading: DC3
Loading: DC5
Loading: DCN
Loading: DG
Loading: DG3
Loading: DG5
Loading: DGN
Loading: DT
Loading: DT3
Loading: DT5
Loading: DTN
Loading: RA
Loading: RA3
Loading: RA5
Loading: RAN
Loading: RC
Loading: RC3
Loading: RC5
Loading: RCN
Loading: RG
Loading: RG3
Loading: RG5
Loading: RGN
Loading: RU
Loading: RU3
Loading: RU5
Loading: RUN
>> #
>> #	Load main chain and terminating 
>> #	amino acid libraries.
>> #
>> loadOff all_amino94.lib
Loading library: /eggther_2/amber7_beta/amber7/dat/leap/lib/all_amino94.lib
Loading: ALA
Loading: ARG
Loading: ASH
Loading: ASN
Loading: ASP
Loading: CYM
Loading: CYS
Loading: CYX
Loading: GLH
Loading: GLN
Loading: GLU
Loading: GLY
Loading: HID
Loading: HIE
Loading: HIP
Loading: ILE
Loading: LEU
Loading: LYN
Loading: LYS
Loading: MET
Loading: PHE
Loading: PRO
Loading: SER
Loading: THR
Loading: TRP
Loading: TYR
Loading: VAL
>> loadOff all_aminoct94.lib
Loading library: /eggther_2/amber7_beta/amber7/dat/leap/lib/all_aminoct94.lib
Loading: CALA
Loading: CARG
Loading: CASN
Loading: CASP
Loading: CCYS
Loading: CCYX
Loading: CGLN
Loading: CGLU
Loading: CGLY
Loading: CHID
Loading: CHIE
Loading: CHIP
Loading: CILE
Loading: CLEU
Loading: CLYS
Loading: CMET
Loading: CPHE
Loading: CPRO
Loading: CSER
Loading: CTHR
Loading: CTRP
Loading: CTYR
Loading: CVAL
Loading: NHE
Loading: NME
>> loadOff all_aminont94.lib
Loading library: /eggther_2/amber7_beta/amber7/dat/leap/lib/all_aminont94.lib
Loading: ACE
Loading: NALA
Loading: NARG
Loading: NASN
Loading: NASP
Loading: NCYS
Loading: NCYX
Loading: NGLN
Loading: NGLU
Loading: NGLY
Loading: NHID
Loading: NHIE
Loading: NHIP
Loading: NILE
Loading: NLEU
Loading: NLYS
Loading: NMET
Loading: NPHE
Loading: NPRO
Loading: NSER
Loading: NTHR
Loading: NTRP
Loading: NTYR
Loading: NVAL
>> 
>> loadOff ions94.lib
Loading library: /eggther_2/amber7_beta/amber7/dat/leap/lib/ions94.lib
Loading: CIO
Loading: Cl-
Loading: Cs+
Loading: IB
Loading: K+
Loading: Li+
Loading: Na+
Loading: Rb+
>> loadOff water.lib
Loading library: /eggther_2/amber7_beta/amber7/dat/leap/lib/water.lib
Loading: PL3
Loading: SPC
Loading: TP3
Loading: TP4
Loading: WATBOX216
>> HOH = TP3
>> WAT = TP3
>> 
>> #
>> #	Define the PDB name map for the amino acids and DNA.
>> #
>> addPdbResMap {
>>   { 0 "ALA" "NALA" } { 1 "ALA" "CALA" }
>>   { 0 "ARG" "NARG" } { 1 "ARG" "CARG" }
>>   { 0 "ASN" "NASN" } { 1 "ASN" "CASN" }
>>   { 0 "ASP" "NASP" } { 1 "ASP" "CASP" }
>>   { 0 "CYS" "NCYS" } { 1 "CYS" "CCYS" }
>>   { 0 "CYX" "NCYX" } { 1 "CYX" "CCYX" }
>>   { 0 "GLN" "NGLN" } { 1 "GLN" "CGLN" }
>>   { 0 "GLU" "NGLU" } { 1 "GLU" "CGLU" }
>>   { 0 "GLY" "NGLY" } { 1 "GLY" "CGLY" }
>>   { 0 "HID" "NHID" } { 1 "HID" "CHID" }
>>   { 0 "HIE" "NHIE" } { 1 "HIE" "CHIE" }
>>   { 0 "HIP" "NHIP" } { 1 "HIP" "CHIP" }
>>   { 0 "ILE" "NILE" } { 1 "ILE" "CILE" }
>>   { 0 "LEU" "NLEU" } { 1 "LEU" "CLEU" }
>>   { 0 "LYS" "NLYS" } { 1 "LYS" "CLYS" }
>>   { 0 "MET" "NMET" } { 1 "MET" "CMET" }
>>   { 0 "PHE" "NPHE" } { 1 "PHE" "CPHE" }
>>   { 0 "PRO" "NPRO" } { 1 "PRO" "CPRO" }
>>   { 0 "SER" "NSER" } { 1 "SER" "CSER" }
>>   { 0 "THR" "NTHR" } { 1 "THR" "CTHR" }
>>   { 0 "TRP" "NTRP" } { 1 "TRP" "CTRP" }
>>   { 0 "TYR" "NTYR" } { 1 "TYR" "CTYR" }
>>   { 0 "VAL" "NVAL" } { 1 "VAL" "CVAL" }
>>   { 0 "HIS" "NHIS" } { 1 "HIS" "CHIS" }
>>   { 0 "GUA" "DG5"  } { 1 "GUA" "DG3"  } { "GUA" "DG" }
>>   { 0 "ADE" "DA5"  } { 1 "ADE" "DA3"  } { "ADE" "DA" }
>>   { 0 "CYT" "DC5"  } { 1 "CYT" "DC3"  } { "CYT" "DC" }
>>   { 0 "THY" "DT5"  } { 1 "THY" "DT3"  } { "THY" "DT" }
>>   { 0 "G" "DG5"  } { 1 "G" "DG3"  } { "G" "DG" } { "GN" "DGN" }
>>   { 0 "A" "DA5"  } { 1 "A" "DA3"  } { "A" "DA" } { "AN" "DAN" }
>>   { 0 "C" "DC5"  } { 1 "C" "DC3"  } { "C" "DC" } { "CN" "DCN" }
>>   { 0 "T" "DT5"  } { 1 "T" "DT3"  } { "T" "DT" } { "TN" "DTN" }
>>   { 0 "C5" "DC5" }
>>   { 0 "G5" "DG5" }
>>   { 0 "A5" "DA5" }
>>   { 0 "T5" "DT5" }
>>   { 1 "C3" "DC3" }
>>   { 1 "G3" "DG3" }
>>   { 1 "A3" "DA3" }
>>   { 1 "T3" "DT3" }
>> 
>> }
>> 
>> addPdbAtomMap {
>>   { "O5*" "O5'" }
>>   { "C5*" "C5'" }
>>   { "C4*" "C4'" }
>>   { "O4*" "O4'" }
>>   { "C3*" "C3'" }
>>   { "O3*" "O3'" }
>>   { "C2*" "C2'" }
>>   { "C1*" "C1'" }
>>   { "C5M" "C7"  }
>>   { "H1*" "H1'" }
>>   { "H2*1" "H2'1" }
>>   { "H2*2" "H2'2" }
>>   { "H3*" "H3'" }
>>   { "H4*" "H4'" }
>>   { "H5*1" "H5'1" }
>>   { "H5*2" "H5'2" }
>> # old ff atom names -> new
>>   { "O1'" "O4'" }
>>   { "OA"  "O1P" }
>>   { "OB"  "O2P" }
>> }
>> 
>> #
>> # assumed that most often users will want to use HID
>> #
>> NHIS = NHID
>> HIS = HID
>> CHIS = CHID
>> 
> 
> loadamberparams frcmod.nma
Loading parameters: ./frcmod.nma
Reading force field mod type file (frcmod)
(UNKNOWN ATOM TYPE: HN)
> loadamberprep prep.nma
Loading Prep file: ./prep.nma
Loaded UNIT: NMA
> a = loadpdb nma_equil.pdb.1
Loading PDB file: ./nma_equil.pdb.1
Matching PDB residue names to LEaP variables.
(Residue 0: NMA, Terminal/last, was not found in name map.)
(Residue 1: NMA, Terminal/last, was not found in name map.)
(Residue 2: NMA, Terminal/last, was not found in name map.)
(Residue 3: NMA, Terminal/last, was not found in name map.)
(Residue 4: NMA, Terminal/last, was not found in name map.)
(Residue 5: NMA, Terminal/last, was not found in name map.)
(Residue 6: NMA, Terminal/last, was not found in name map.)
(Residue 7: NMA, Terminal/last, was not found in name map.)
(Residue 8: NMA, Terminal/last, was not found in name map.)
(Residue 9: NMA, Terminal/last, was not found in name map.)
(Residue 10: NMA, Terminal/last, was not found in name map.)
(Residue 11: NMA, Terminal/last, was not found in name map.)
(Residue 12: NMA, Terminal/last, was not found in name map.)
(Residue 13: NMA, Terminal/last, was not found in name map.)
(Residue 14: NMA, Terminal/last, was not found in name map.)
(Residue 15: NMA, Terminal/last, was not found in name map.)
(Residue 16: NMA, Terminal/last, was not found in name map.)
(Residue 17: NMA, Terminal/last, was not found in name map.)
(Residue 18: NMA, Terminal/last, was not found in name map.)
(Residue 19: NMA, Terminal/last, was not found in name map.)
(Residue 20: NMA, Terminal/last, was not found in name map.)
(Residue 21: NMA, Terminal/last, was not found in name map.)
(Residue 22: NMA, Terminal/last, was not found in name map.)
(Residue 23: NMA, Terminal/last, was not found in name map.)
(Residue 24: NMA, Terminal/last, was not found in name map.)
(Residue 25: NMA, Terminal/last, was not found in name map.)
(Residue 26: NMA, Terminal/last, was not found in name map.)
(Residue 27: NMA, Terminal/last, was not found in name map.)
(Residue 28: NMA, Terminal/last, was not found in name map.)
(Residue 29: NMA, Terminal/last, was not found in name map.)
(Residue 30: NMA, Terminal/last, was not found in name map.)
(Residue 31: NMA, Terminal/last, was not found in name map.)
(Residue 32: NMA, Terminal/last, was not found in name map.)
(Residue 33: NMA, Terminal/last, was not found in name map.)
(Residue 34: NMA, Terminal/last, was not found in name map.)
(Residue 35: NMA, Terminal/last, was not found in name map.)
(Residue 36: NMA, Terminal/last, was not found in name map.)
(Residue 37: NMA, Terminal/last, was not found in name map.)
(Residue 38: NMA, Terminal/last, was not found in name map.)
(Residue 39: NMA, Terminal/last, was not found in name map.)
(Residue 40: NMA, Terminal/last, was not found in name map.)
(Residue 41: NMA, Terminal/last, was not found in name map.)
(Residue 42: NMA, Terminal/last, was not found in name map.)
(Residue 43: NMA, Terminal/last, was not found in name map.)
(Residue 44: NMA, Terminal/last, was not found in name map.)
(Residue 45: NMA, Terminal/last, was not found in name map.)
(Residue 46: NMA, Terminal/last, was not found in name map.)
(Residue 47: NMA, Terminal/last, was not found in name map.)
(Residue 48: NMA, Terminal/last, was not found in name map.)
(Residue 49: NMA, Terminal/last, was not found in name map.)
(Residue 50: NMA, Terminal/last, was not found in name map.)
(Residue 51: NMA, Terminal/last, was not found in name map.)
(Residue 52: NMA, Terminal/last, was not found in name map.)
(Residue 53: NMA, Terminal/last, was not found in name map.)
(Residue 54: NMA, Terminal/last, was not found in name map.)
(Residue 55: NMA, Terminal/last, was not found in name map.)
(Residue 56: NMA, Terminal/last, was not found in name map.)
(Residue 57: NMA, Terminal/last, was not found in name map.)
(Residue 58: NMA, Terminal/last, was not found in name map.)
(Residue 59: NMA, Terminal/last, was not found in name map.)
(Residue 60: NMA, Terminal/last, was not found in name map.)
(Residue 61: NMA, Terminal/last, was not found in name map.)
(Residue 62: NMA, Terminal/last, was not found in name map.)
(Residue 63: NMA, Terminal/last, was not found in name map.)
(Residue 64: NMA, Terminal/last, was not found in name map.)
(Residue 65: NMA, Terminal/last, was not found in name map.)
(Residue 66: NMA, Terminal/last, was not found in name map.)
(Residue 67: NMA, Terminal/last, was not found in name map.)
(Residue 68: NMA, Terminal/last, was not found in name map.)
(Residue 69: NMA, Terminal/last, was not found in name map.)
(Residue 70: NMA, Terminal/last, was not found in name map.)
(Residue 71: NMA, Terminal/last, was not found in name map.)
(Residue 72: NMA, Terminal/last, was not found in name map.)
(Residue 73: NMA, Terminal/last, was not found in name map.)
(Residue 74: NMA, Terminal/last, was not found in name map.)
(Residue 75: NMA, Terminal/last, was not found in name map.)
(Residue 76: NMA, Terminal/last, was not found in name map.)
(Residue 77: NMA, Terminal/last, was not found in name map.)
(Residue 78: NMA, Terminal/last, was not found in name map.)
(Residue 79: NMA, Terminal/last, was not found in name map.)
(Residue 80: NMA, Terminal/last, was not found in name map.)
(Residue 81: NMA, Terminal/last, was not found in name map.)
(Residue 82: NMA, Terminal/last, was not found in name map.)
(Residue 83: NMA, Terminal/last, was not found in name map.)
(Residue 84: NMA, Terminal/last, was not found in name map.)
(Residue 85: NMA, Terminal/last, was not found in name map.)
(Residue 86: NMA, Terminal/last, was not found in name map.)
(Residue 87: NMA, Terminal/last, was not found in name map.)
(Residue 88: NMA, Terminal/last, was not found in name map.)
(Residue 89: NMA, Terminal/last, was not found in name map.)
(Residue 90: NMA, Terminal/last, was not found in name map.)
(Residue 91: NMA, Terminal/last, was not found in name map.)
(Residue 92: NMA, Terminal/last, was not found in name map.)
(Residue 93: NMA, Terminal/last, was not found in name map.)
(Residue 94: NMA, Terminal/last, was not found in name map.)
(Residue 95: NMA, Terminal/last, was not found in name map.)
(Residue 96: NMA, Terminal/last, was not found in name map.)
(Residue 97: NMA, Terminal/last, was not found in name map.)
(Residue 98: NMA, Terminal/last, was not found in name map.)
(Residue 99: NMA, Terminal/last, was not found in name map.)
(Residue 100: NMA, Terminal/last, was not found in name map.)
(Residue 101: NMA, Terminal/last, was not found in name map.)
(Residue 102: NMA, Terminal/last, was not found in name map.)
(Residue 103: NMA, Terminal/last, was not found in name map.)
(Residue 104: NMA, Terminal/last, was not found in name map.)
(Residue 105: NMA, Terminal/last, was not found in name map.)
(Residue 106: NMA, Terminal/last, was not found in name map.)
(Residue 107: NMA, Terminal/last, was not found in name map.)
(Residue 108: NMA, Terminal/last, was not found in name map.)
(Residue 109: NMA, Terminal/last, was not found in name map.)
(Residue 110: NMA, Terminal/last, was not found in name map.)
(Residue 111: NMA, Terminal/last, was not found in name map.)
(Residue 112: NMA, Terminal/last, was not found in name map.)
(Residue 113: NMA, Terminal/last, was not found in name map.)
(Residue 114: NMA, Terminal/last, was not found in name map.)
(Residue 115: NMA, Terminal/last, was not found in name map.)
(Residue 116: NMA, Terminal/last, was not found in name map.)
(Residue 117: NMA, Terminal/last, was not found in name map.)
(Residue 118: NMA, Terminal/last, was not found in name map.)
(Residue 119: NMA, Terminal/last, was not found in name map.)
(Residue 120: NMA, Terminal/last, was not found in name map.)
(Residue 121: NMA, Terminal/last, was not found in name map.)
(Residue 122: NMA, Terminal/last, was not found in name map.)
(Residue 123: NMA, Terminal/last, was not found in name map.)
(Residue 124: NMA, Terminal/last, was not found in name map.)
  total atoms in file: 1500
> setbox a centers
Box dimensions:  32.316000 39.365000 36.491000
> setbox a vdw
 removing previous box..
Box dimensions:  35.259000 42.139000 39.363000
> setbox a centers
 removing previous box..
Box dimensions:  32.316000 39.365000 36.491000
> saveoff a nma_125.lib
 Creating nma_125.lib
Saving a.
Building topology.
Building atom parameters.
> quit
	Quit
